<?xml version="1.0" encoding="UTF-8"?>
<coverage generated="1790387309588" clover="3.2.0">
  <project timestamp="1790387309588" name="All files">
    <metrics statements="23" coveredstatements="23" conditionals="23" coveredconditionals="21" methods="6" coveredmethods="6" elements="52" coveredelements="50" complexity="0" loc="23" ncloc="23" packages="3" files="3" classes="3"/>
    <package name="config.file:.workspaces.projeto_node.src.config">
      <metrics statements="1" coveredstatements="1" conditionals="0" coveredconditionals="0" methods="0" coveredmethods="0"/>
      <file name="database.ts" path="/workspaces/projeto_node/src/config/file:/workspaces/projeto_node/src/config/database.ts">
        <metrics statements="1" coveredstatements="1" conditionals="0" coveredconditionals="0" methods="0" coveredmethods="0"/>
        <line num="3" count="1" type="stmt"/>
      </file>
    </package>
    <package name="models.file:.workspaces.projeto_node.src.models">
      <metrics statements="1" coveredstatements="1" conditionals="0" coveredconditionals="0" methods="0" coveredmethods="0"/>
      <file name="produto.model.ts" path="/workspaces/projeto_node/src/models/file:/workspaces/projeto_node/src/models/produto.model.ts">
        <metrics statements="1" coveredstatements="1" conditionals="0" coveredconditionals="0" methods="0" coveredmethods="0"/>
        <line num="18" count="1" type="stmt"/>
      </file>
    </package>
    <package name="services.file:.workspaces.projeto_node.src.services">
      <metrics statements="21" coveredstatements="21" conditionals="23" coveredconditionals="21" methods="6" coveredmethods="6"/>
      <file name="produto.service.ts" path="/workspaces/projeto_node/src/services/file:/workspaces/projeto_node/src/services/produto.service.ts">
        <metrics statements="21" coveredstatements="21" conditionals="23" coveredconditionals="21" methods="6" coveredmethods="6"/>
        <line num="4" count="2" type="cond" truecount="2" falsecount="0"/>
        <line num="5" count="1" type="stmt"/>
        <line num="9" count="1" type="stmt"/>
        <line num="13" count="1" type="stmt"/>
        <line num="17" count="2" type="cond" truecount="5" falsecount="0"/>
        <line num="18" count="1" type="stmt"/>
        <line num="21" count="1" type="stmt"/>
        <line num="28" count="3" type="stmt"/>
        <line num="29" count="3" type="cond" truecount="2" falsecount="0"/>
        <line num="31" count="2" type="cond" truecount="5" falsecount="0"/>
        <line num="32" count="1" type="stmt"/>
        <line num="35" count="1" type="stmt"/>
        <line num="39" count="2" type="stmt"/>
        <line num="40" count="2" type="cond" truecount="2" falsecount="0"/>
        <line num="42" count="1" type="cond" truecount="1" falsecount="1"/>
        <line num="43" count="1" type="cond" truecount="1" falsecount="1"/>
        <line num="45" count="1" type="stmt"/>
        <line num="49" count="2" type="stmt"/>
        <line num="50" count="2" type="cond" truecount="2" falsecount="0"/>
        <line num="52" count="1" type="stmt"/>
        <line num="53" count="1" type="stmt"/>
      </file>
    </package>
  </project>
</coverage>
