{"/workspaces/projeto_node/src/config/file:/workspaces/projeto_node/src/config/database.ts": {"path":"/workspaces/projeto_node/src/config/file:/workspaces/projeto_node/src/config/database.ts","statementMap":{"0":{"start":{"line":3,"column":22},"end":{"line":7,"column":6}}},"fnMap":{},"branchMap":{},"s":{"0":1},"f":{},"b":{}}
,"/workspaces/projeto_node/src/models/file:/workspaces/projeto_node/src/models/produto.model.ts": {"path":"/workspaces/projeto_node/src/models/file:/workspaces/projeto_node/src/models/produto.model.ts","statementMap":{"0":{"start":{"line":18,"column":0},"end":{"line":38,"column":2}}},"fnMap":{},"branchMap":{},"s":{"0":1},"f":{},"b":{}}
,"/workspaces/projeto_node/src/services/file:/workspaces/projeto_node/src/services/produto.service.ts": {"path":"/workspaces/projeto_node/src/services/file:/workspaces/projeto_node/src/services/produto.service.ts","statementMap":{"0":{"start":{"line":4,"column":4},"end":{"line":8,"column":5}},"1":{"start":{"line":5,"column":8},"end":{"line":7,"column":11}},"2":{"start":{"line":9,"column":4},"end":{"line":9,"column":35}},"3":{"start":{"line":13,"column":4},"end":{"line":13,"column":38}},"4":{"start":{"line":17,"column":4},"end":{"line":19,"column":5}},"5":{"start":{"line":18,"column":8},"end":{"line":18,"column":55}},"6":{"start":{"line":21,"column":4},"end":{"line":24,"column":7}},"7":{"start":{"line":28,"column":20},"end":{"line":28,"column":46}},"8":{"start":{"line":29,"column":4},"end":{"line":29,"column":31}},"9":{"start":{"line":29,"column":18},"end":{"line":29,"column":31}},"10":{"start":{"line":31,"column":4},"end":{"line":33,"column":5}},"11":{"start":{"line":32,"column":8},"end":{"line":32,"column":75}},"12":{"start":{"line":35,"column":4},"end":{"line":35,"column":39}},"13":{"start":{"line":39,"column":20},"end":{"line":39,"column":46}},"14":{"start":{"line":40,"column":4},"end":{"line":40,"column":30}},"15":{"start":{"line":40,"column":18},"end":{"line":40,"column":30}},"16":{"start":{"line":42,"column":4},"end":{"line":42,"column":60}},"17":{"start":{"line":42,"column":34},"end":{"line":42,"column":60}},"18":{"start":{"line":43,"column":4},"end":{"line":43,"column":63}},"19":{"start":{"line":43,"column":35},"end":{"line":43,"column":63}},"20":{"start":{"line":45,"column":4},"end":{"line":45,"column":32}},"21":{"start":{"line":49,"column":20},"end":{"line":49,"column":46}},"22":{"start":{"line":50,"column":4},"end":{"line":50,"column":31}},"23":{"start":{"line":50,"column":18},"end":{"line":50,"column":31}},"24":{"start":{"line":52,"column":4},"end":{"line":52,"column":28}},"25":{"start":{"line":53,"column":4},"end":{"line":53,"column":16}}},"fnMap":{"0":{"name":"listar","decl":{"start":{"line":3,"column":22},"end":{"line":3,"column":28}},"loc":{"start":{"line":3,"column":46},"end":{"line":10,"column":1}}},"1":{"name":"buscarPorId","decl":{"start":{"line":12,"column":22},"end":{"line":12,"column":33}},"loc":{"start":{"line":12,"column":41},"end":{"line":14,"column":1}}},"2":{"name":"criar","decl":{"start":{"line":16,"column":22},"end":{"line":16,"column":27}},"loc":{"start":{"line":16,"column":43},"end":{"line":25,"column":1}}},"3":{"name":"atualizarTotal","decl":{"start":{"line":27,"column":22},"end":{"line":27,"column":36}},"loc":{"start":{"line":27,"column":61},"end":{"line":36,"column":1}}},"4":{"name":"atualizarParcial","decl":{"start":{"line":38,"column":22},"end":{"line":38,"column":38}},"loc":{"start":{"line":38,"column":72},"end":{"line":46,"column":1}}},"5":{"name":"deletar","decl":{"start":{"line":48,"column":23},"end":{"line":48,"column":30}},"loc":{"start":{"line":48,"column":38},"end":{"line":54,"column":1}}}},"branchMap":{"0":{"loc":{"start":{"line":3,"column":29},"end":{"line":3,"column":46}},"type":"default-arg","locations":[{"start":{"line":3,"column":44},"end":{"line":3,"column":46}}]},"1":{"loc":{"start":{"line":4,"column":4},"end":{"line":8,"column":5}},"type":"if","locations":[{"start":{"line":4,"column":4},"end":{"line":8,"column":5}},{"start":{},"end":{}}]},"2":{"loc":{"start":{"line":17,"column":4},"end":{"line":19,"column":5}},"type":"if","locations":[{"start":{"line":17,"column":4},"end":{"line":19,"column":5}},{"start":{},"end":{}}]},"3":{"loc":{"start":{"line":17,"column":8},"end":{"line":17,"column":70}},"type":"binary-expr","locations":[{"start":{"line":17,"column":8},"end":{"line":17,"column":19}},{"start":{"line":17,"column":23},"end":{"line":17,"column":47}},{"start":{"line":17,"column":51},"end":{"line":17,"column":70}}]},"4":{"loc":{"start":{"line":29,"column":4},"end":{"line":29,"column":31}},"type":"if","locations":[{"start":{"line":29,"column":4},"end":{"line":29,"column":31}},{"start":{},"end":{}}]},"5":{"loc":{"start":{"line":31,"column":4},"end":{"line":33,"column":5}},"type":"if","locations":[{"start":{"line":31,"column":4},"end":{"line":33,"column":5}},{"start":{},"end":{}}]},"6":{"loc":{"start":{"line":31,"column":8},"end":{"line":31,"column":70}},"type":"binary-expr","locations":[{"start":{"line":31,"column":8},"end":{"line":31,"column":19}},{"start":{"line":31,"column":23},"end":{"line":31,"column":47}},{"start":{"line":31,"column":51},"end":{"line":31,"column":70}}]},"7":{"loc":{"start":{"line":40,"column":4},"end":{"line":40,"column":30}},"type":"if","locations":[{"start":{"line":40,"column":4},"end":{"line":40,"column":30}},{"start":{},"end":{}}]},"8":{"loc":{"start":{"line":42,"column":4},"end":{"line":42,"column":60}},"type":"if","locations":[{"start":{"line":42,"column":4},"end":{"line":42,"column":60}},{"start":{},"end":{}}]},"9":{"loc":{"start":{"line":43,"column":4},"end":{"line":43,"column":63}},"type":"if","locations":[{"start":{"line":43,"column":4},"end":{"line":43,"column":63}},{"start":{},"end":{}}]},"10":{"loc":{"start":{"line":50,"column":4},"end":{"line":50,"column":31}},"type":"if","locations":[{"start":{"line":50,"column":4},"end":{"line":50,"column":31}},{"start":{},"end":{}}]}},"s":{"0":2,"1":1,"2":1,"3":1,"4":2,"5":1,"6":1,"7":3,"8":3,"9":1,"10":2,"11":1,"12":1,"13":2,"14":2,"15":1,"16":1,"17":0,"18":1,"19":1,"20":1,"21":2,"22":2,"23":1,"24":1,"25":1},"f":{"0":2,"1":1,"2":2,"3":3,"4":2,"5":2},"b":{"0":[1],"1":[1,1],"2":[1,1],"3":[2,1,1],"4":[1,2],"5":[1,1],"6":[2,1,1],"7":[1,1],"8":[0,1],"9":[1,0],"10":[1,1]}}
}
