TN:
SF:src/config/file:/workspaces/projeto_node/src/config/database.ts
FNF:0
FNH:0
DA:3,1
LF:1
LH:1
BRF:0
BRH:0
end_of_record
TN:
SF:src/models/file:/workspaces/projeto_node/src/models/produto.model.ts
FNF:0
FNH:0
DA:18,1
LF:1
LH:1
BRF:0
BRH:0
end_of_record
TN:
SF:src/services/file:/workspaces/projeto_node/src/services/produto.service.ts
FN:3,listar
FN:12,buscarPorId
FN:16,criar
FN:27,atualizarTotal
FN:38,atualizarParcial
FN:48,deletar
FNF:6
FNH:6
FNDA:2,listar
FNDA:1,buscarPorId
FNDA:2,criar
FNDA:3,atualizarTotal
FNDA:2,atualizarParcial
FNDA:2,deletar
DA:4,2
DA:5,1
DA:9,1
DA:13,1
DA:17,2
DA:18,1
DA:21,1
DA:28,3
DA:29,3
DA:31,2
DA:32,1
DA:35,1
DA:39,2
DA:40,2
DA:42,1
DA:43,1
DA:45,1
DA:49,2
DA:50,2
DA:52,1
DA:53,1
LF:21
LH:21
BRDA:3,0,0,1
BRDA:4,1,0,1
BRDA:4,1,1,1
BRDA:17,2,0,1
BRDA:17,2,1,1
BRDA:17,3,0,2
BRDA:17,3,1,1
BRDA:17,3,2,1
BRDA:29,4,0,1
BRDA:29,4,1,2
BRDA:31,5,0,1
BRDA:31,5,1,1
BRDA:31,6,0,2
BRDA:31,6,1,1
BRDA:31,6,2,1
BRDA:40,7,0,1
BRDA:40,7,1,1
BRDA:42,8,0,0
BRDA:42,8,1,1
BRDA:43,9,0,1
BRDA:43,9,1,0
BRDA:50,10,0,1
BRDA:50,10,1,1
BRF:23
BRH:21
end_of_record
